"../../../Engine/Content/EditorResources/S_Actor.uasset" 0
"../../../Engine/Content/EditorResources/S_Actor.ubulk" 1
"../../../Engine/Content/EditorResources/S_Actor.uexp" 2
"../../../Engine/Content/EditorResources/S_BoxReflectionCapture.uasset" 3
"../../../Engine/Content/EditorResources/S_BoxReflectionCapture.uexp" 4
"../../../Engine/Content/EngineResources/DefaultTexture.uasset" 5
"../../../Engine/Content/EngineResources/DefaultTexture.ubulk" 6
"../../../Engine/Content/EngineResources/DefaultTexture.uexp" 7
"../../../Engine/Content/EngineResources/DefaultTextureCube.uasset" 8
"../../../Engine/Content/EngineResources/DefaultTextureCube.uexp" 9
"../../../Engine/Content/EngineResources/DefaultVolumeTexture2D.uasset" 10
"../../../Engine/Content/EngineResources/DefaultVolumeTexture2D.uexp" 11
"../../../Engine/Content/EngineResources/DefaultVolumeTexture.uasset" 12
"../../../Engine/Content/EngineResources/DefaultVolumeTexture.uexp" 13
"../../../Engine/Content/EditorResources/S_Trigger.uasset" 14
"../../../Engine/Content/EditorResources/S_Trigger.ubulk" 15
"../../../Engine/Content/EditorResources/S_Trigger.uexp" 16
"../../../Engine/Content/EditorResources/S_TriggerBox.uasset" 17
"../../../Engine/Content/EditorResources/S_TriggerBox.uexp" 18
"../../../Engine/Content/EditorResources/S_TriggerCapsule.uasset" 19
"../../../Engine/Content/EditorResources/S_TriggerCapsule.uexp" 20
"../../../Engine/Content/EditorResources/S_TriggerSphere.uasset" 21
"../../../Engine/Content/EditorResources/S_TriggerSphere.uexp" 22
"../../../Engine/Content/EngineMeshes/Sphere.uasset" 23
"../../../Engine/Content/EngineMeshes/Sphere.ubulk" 24
"../../../Engine/Content/EngineMeshes/Sphere.uexp" 25
"../../../Engine/Content/EngineResources/GradientTexture0.uasset" 26
"../../../Engine/Content/EngineResources/GradientTexture0.uexp" 27
"../../../Engine/Content/EngineResources/Black.uasset" 28
"../../../Engine/Content/EngineResources/Black.uexp" 29
"../../../Engine/Content/EditorLandscapeResources/SplineEditorMeshMat.uasset" 30
"../../../Engine/Content/EditorLandscapeResources/SplineEditorMeshMat.uexp" 31
"../../../Engine/Content/EditorLandscapeResources/SplineEditorMesh.uasset" 32
"../../../Engine/Content/EditorLandscapeResources/SplineEditorMesh.ubulk" 33
"../../../Engine/Content/EditorLandscapeResources/SplineEditorMesh.uexp" 34
"../../../Engine/Content/EditorMaterials/Camera/CineMat.uasset" 35
"../../../Engine/Content/EditorMaterials/Camera/CineMat.uexp" 36
"../../../Engine/Content/EditorMaterials/Camera/MI_CineMat_Rig.uasset" 37
"../../../Engine/Content/EditorMaterials/Camera/MI_CineMat_Rig.uexp" 38
"../../../Engine/Content/EditorMeshes/Camera/SM_CraneRig_Base.uasset" 39
"../../../Engine/Content/EditorMeshes/Camera/SM_CraneRig_Base.ubulk" 40
"../../../Engine/Content/EditorMeshes/Camera/SM_CraneRig_Base.uexp" 41
"../../../Engine/Content/EditorMeshes/Camera/SM_CraneRig_Arm.uasset" 42
"../../../Engine/Content/EditorMeshes/Camera/SM_CraneRig_Arm.ubulk" 43
"../../../Engine/Content/EditorMeshes/Camera/SM_CraneRig_Arm.uexp" 44
"../../../Engine/Content/EditorMeshes/Camera/SM_CraneRig_Mount.uasset" 45
"../../../Engine/Content/EditorMeshes/Camera/SM_CraneRig_Mount.ubulk" 46
"../../../Engine/Content/EditorMeshes/Camera/SM_CraneRig_Mount.uexp" 47
"../../../Engine/Content/EditorMeshes/Camera/SM_CraneRig_Body.uasset" 48
"../../../Engine/Content/EditorMeshes/Camera/SM_CraneRig_Body.ubulk" 49
"../../../Engine/Content/EditorMeshes/Camera/SM_CraneRig_Body.uexp" 50
"../../../Engine/Content/EditorMeshes/Camera/SM_RailRig_Track.uasset" 51
"../../../Engine/Content/EditorMeshes/Camera/SM_RailRig_Track.ubulk" 52
"../../../Engine/Content/EditorMeshes/Camera/SM_RailRig_Track.uexp" 53
"../../../Engine/Content/EditorMeshes/Camera/SM_RailRig_Mount.uasset" 54
"../../../Engine/Content/EditorMeshes/Camera/SM_RailRig_Mount.ubulk" 55
"../../../Engine/Content/EditorMeshes/Camera/SM_RailRig_Mount.uexp" 56
"../../../Engine/Content/EngineMaterials/T_Default_Material_Grid_M.uasset" 57
"../../../Engine/Content/EngineMaterials/T_Default_Material_Grid_M.ubulk" 58
"../../../Engine/Content/EngineMaterials/T_Default_Material_Grid_M.uexp" 59
"../../../Engine/Content/EngineMaterials/T_Default_Material_Grid_N.uasset" 60
"../../../Engine/Content/EngineMaterials/T_Default_Material_Grid_N.ubulk" 61
"../../../Engine/Content/EngineMaterials/T_Default_Material_Grid_N.uexp" 62
"../../../Engine/Content/Functions/Engine_MaterialFunctions01/Opacity/CameraDepthFade.uasset" 63
"../../../Engine/Content/Functions/Engine_MaterialFunctions01/Opacity/CameraDepthFade.uexp" 64
"../../../Engine/Content/EngineMaterials/WorldGridMaterial.uasset" 65
"../../../Engine/Content/EngineMaterials/WorldGridMaterial.uexp" 66
"../../../Engine/Content/ArtTools/RenderToTexture/Meshes/S_1_Unit_Plane.uasset" 67
"../../../Engine/Content/ArtTools/RenderToTexture/Meshes/S_1_Unit_Plane.ubulk" 68
"../../../Engine/Content/ArtTools/RenderToTexture/Meshes/S_1_Unit_Plane.uexp" 69
"../../../Engine/Content/VREditor/LaserPointer/VR_LaserPower_01.uasset" 70
"../../../Engine/Content/VREditor/LaserPointer/VR_LaserPower_01.ubulk" 71
"../../../Engine/Content/VREditor/LaserPointer/VR_LaserPower_01.uexp" 72
"../../../Engine/Content/VREditor/TransformGizmo/TransformGizmoMaterial.uasset" 73
"../../../Engine/Content/VREditor/TransformGizmo/TransformGizmoMaterial.uexp" 74
"../../../Engine/Content/VREditor/TransformGizmo/TranslucentTransformGizmoMaterial.uasset" 75
"../../../Engine/Content/VREditor/TransformGizmo/TranslucentTransformGizmoMaterial.uexp" 76
"../../../Engine/Content/VREditor/TransformGizmo/PlaneTranslationHandle.uasset" 77
"../../../Engine/Content/VREditor/TransformGizmo/PlaneTranslationHandle.ubulk" 78
"../../../Engine/Content/VREditor/TransformGizmo/PlaneTranslationHandle.uexp" 79
"../../../Engine/Content/VREditor/TransformGizmo/BoundingBoxCorner.uasset" 80
"../../../Engine/Content/VREditor/TransformGizmo/BoundingBoxCorner.ubulk" 81
"../../../Engine/Content/VREditor/TransformGizmo/BoundingBoxCorner.uexp" 82
"../../../Engine/Content/VREditor/TransformGizmo/BoundingBoxEdge.uasset" 83
"../../../Engine/Content/VREditor/TransformGizmo/BoundingBoxEdge.ubulk" 84
"../../../Engine/Content/VREditor/TransformGizmo/BoundingBoxEdge.uexp" 85
"../../../Engine/Content/VREditor/TransformGizmo/Main.uasset" 86
"../../../Engine/Content/VREditor/TransformGizmo/Main.uexp" 87
"../../../Engine/Content/VREditor/TransformGizmo/Xray.uasset" 88
"../../../Engine/Content/VREditor/TransformGizmo/Xray.uexp" 89
"../../../Engine/Content/VREditor/TransformGizmo/SM_Sequencer_Node.uasset" 90
"../../../Engine/Content/VREditor/TransformGizmo/SM_Sequencer_Node.ubulk" 91
"../../../Engine/Content/VREditor/TransformGizmo/SM_Sequencer_Node.uexp" 92
"../../../Engine/Content/EditorMaterials/ParticleSystems/PSysThumbnail_NoImage.uasset" 93
"../../../Engine/Content/EditorMaterials/ParticleSystems/PSysThumbnail_NoImage.ubulk" 94
"../../../Engine/Content/EditorMaterials/ParticleSystems/PSysThumbnail_NoImage.uexp" 95
"../../../Engine/Content/EditorMaterials/ParticleSystems/PSysThumbnail_OOD.uasset" 96
"../../../Engine/Content/EditorMaterials/ParticleSystems/PSysThumbnail_OOD.ubulk" 97
"../../../Engine/Content/EditorMaterials/ParticleSystems/PSysThumbnail_OOD.uexp" 98
"../../../Engine/Content/EditorResources/S_Solver.uasset" 99
"../../../Engine/Content/EditorResources/S_Solver.ubulk" 100
"../../../Engine/Content/EditorResources/S_Solver.uexp" 101
"../../../Engine/Plugins/Media/MediaPlate/Content/SM_MediaPlateScreen.uasset" 102
"../../../Engine/Plugins/Media/MediaPlate/Content/SM_MediaPlateScreen.ubulk" 103
"../../../Engine/Plugins/Media/MediaPlate/Content/SM_MediaPlateScreen.uexp" 104
"../../../Engine/Content/EngineMaterials/Good64x64TilingNoiseHighFreq.uasset" 105
"../../../Engine/Content/EngineMaterials/Good64x64TilingNoiseHighFreq.uexp" 106
"../../../Engine/Content/EngineMaterials/DefaultBokeh.uasset" 107
"../../../Engine/Content/EngineMaterials/DefaultBokeh.uexp" 108
"../../../Engine/Content/EngineMaterials/PreintegratedSkinBRDF.uasset" 109
"../../../Engine/Content/EngineMaterials/PreintegratedSkinBRDF.uexp" 110
"../../../Engine/Content/EngineMaterials/MiniFont.uasset" 111
"../../../Engine/Content/EngineMaterials/MiniFont.uexp" 112
"../../../Engine/Content/EngineMaterials/WeightMapPlaceholderTexture.uasset" 113
"../../../Engine/Content/EngineMaterials/WeightMapPlaceholderTexture.uexp" 114
"../../../Engine/Content/EngineMaterials/DefaultWhiteGrid.uasset" 115
"../../../Engine/Content/EngineMaterials/DefaultWhiteGrid.ubulk" 116
"../../../Engine/Content/EngineMaterials/DefaultWhiteGrid.uexp" 117
"../../../Engine/Content/Functions/Engine_MaterialFunctions02/WorldPositionOffset/CameraOffset.uasset" 118
"../../../Engine/Content/Functions/Engine_MaterialFunctions02/WorldPositionOffset/CameraOffset.uexp" 119
"../../../Engine/Plugins/Animation/ControlRig/Content/M_Manip.uasset" 120
"../../../Engine/Plugins/Animation/ControlRig/Content/M_Manip.uexp" 121
"../../../Engine/Plugins/2D/Paper2D/Content/PlaceholderTextures/DummySpriteTexture.uasset" 122
"../../../Engine/Plugins/2D/Paper2D/Content/PlaceholderTextures/DummySpriteTexture.ubulk" 123
"../../../Engine/Plugins/2D/Paper2D/Content/PlaceholderTextures/DummySpriteTexture.uexp" 124
"../../../Engine/Plugins/2D/Paper2D/Content/DefaultSpriteMaterial.uasset" 125
"../../../Engine/Plugins/2D/Paper2D/Content/DefaultSpriteMaterial.uexp" 126
"../../../Engine/Plugins/2D/Paper2D/Content/OpaqueUnlitSpriteMaterial.uasset" 127
"../../../Engine/Plugins/2D/Paper2D/Content/OpaqueUnlitSpriteMaterial.uexp" 128
"../../../Engine/Plugins/2D/Paper2D/Content/MaskedUnlitSpriteMaterial.uasset" 129
"../../../Engine/Plugins/2D/Paper2D/Content/MaskedUnlitSpriteMaterial.uexp" 130
"../../../Engine/Plugins/2D/Paper2D/Content/DummySprite.uasset" 131
"../../../Engine/Plugins/2D/Paper2D/Content/DummySprite.uexp" 132
"../../../Engine/Plugins/2D/Paper2D/Content/DefaultPaperTerrainMaterial.uasset" 133
"../../../Engine/Plugins/2D/Paper2D/Content/DefaultPaperTerrainMaterial.uexp" 134
"../../../Engine/Content/EditorLandscapeResources/DefaultAlphaTexture.uasset" 135
"../../../Engine/Content/EditorLandscapeResources/DefaultAlphaTexture.uexp" 136
"../../../Engine/Content/EditorLandscapeResources/DataLayer.uasset" 137
"../../../Engine/Content/EditorLandscapeResources/DataLayer.uexp" 138
"../../../Engine/Content/EngineResources/WhiteSquareTexture.uasset" 139
"../../../Engine/Content/EngineResources/WhiteSquareTexture.uexp" 140
"../../../Engine/Content/EngineMaterials/Widget3DPassThrough.uasset" 141
"../../../Engine/Content/EngineMaterials/Widget3DPassThrough.uexp" 142
"../../../Engine/Content/EngineMaterials/Widget3DPassThrough_Translucent.uasset" 143
"../../../Engine/Content/EngineMaterials/Widget3DPassThrough_Translucent.uexp" 144
"../../../Engine/Content/EngineMaterials/Widget3DPassThrough_Translucent_OneSided.uasset" 145
"../../../Engine/Content/EngineMaterials/Widget3DPassThrough_Translucent_OneSided.uexp" 146
"../../../Engine/Content/EngineMaterials/Widget3DPassThrough_Opaque.uasset" 147
"../../../Engine/Content/EngineMaterials/Widget3DPassThrough_Opaque.uexp" 148
"../../../Engine/Content/EngineMaterials/Widget3DPassThrough_Opaque_OneSided.uasset" 149
"../../../Engine/Content/EngineMaterials/Widget3DPassThrough_Opaque_OneSided.uexp" 150
"../../../Engine/Content/EngineMaterials/Widget3DPassThrough_Masked_OneSided.uasset" 151
"../../../Engine/Content/EngineMaterials/Widget3DPassThrough_Masked_OneSided.uexp" 152
"../../../Engine/Content/EngineMaterials/Widget3DPassThrough_Masked.uasset" 153
"../../../Engine/Content/EngineMaterials/Widget3DPassThrough_Masked.uexp" 154
"../../../Engine/Content/EngineMaterials/STBlueNoise_vec2_128x128x64.uasset" 155
"../../../Engine/Content/EngineMaterials/STBlueNoise_vec2_128x128x64.uexp" 156
"../../../Engine/Plugins/Animation/ControlRig/Content/Controls/DefaultGizmoLibraryNormalized.uasset" 157
"../../../Engine/Plugins/Animation/ControlRig/Content/Controls/DefaultGizmoLibraryNormalized.uexp" 158
"../../../Engine/Plugins/Animation/ControlRig/Content/Controls/ControlRig_Wedge_solid.uasset" 159
"../../../Engine/Plugins/Animation/ControlRig/Content/Controls/ControlRig_Wedge_solid.ubulk" 160
"../../../Engine/Plugins/Animation/ControlRig/Content/Controls/ControlRig_Wedge_solid.uexp" 161
"../../../Engine/Plugins/Animation/ControlRig/Content/Controls/ControlRig_Wedge_3mm.uasset" 162
"../../../Engine/Plugins/Animation/ControlRig/Content/Controls/ControlRig_Wedge_3mm.ubulk" 163
"../../../Engine/Plugins/Animation/ControlRig/Content/Controls/ControlRig_Wedge_3mm.uexp" 164
"../../../Engine/Plugins/Animation/ControlRig/Content/Controls/ControlRig_Wedge_1mm.uasset" 165
"../../../Engine/Plugins/Animation/ControlRig/Content/Controls/ControlRig_Wedge_1mm.ubulk" 166
"../../../Engine/Plugins/Animation/ControlRig/Content/Controls/ControlRig_Wedge_1mm.uexp" 167
"../../../Engine/Plugins/Animation/ControlRig/Content/Controls/ControlRig_Triangle_solid.uasset" 168
"../../../Engine/Plugins/Animation/ControlRig/Content/Controls/ControlRig_Triangle_solid.ubulk" 169
"../../../Engine/Plugins/Animation/ControlRig/Content/Controls/ControlRig_Triangle_solid.uexp" 170
"../../../Engine/Plugins/Animation/ControlRig/Content/Controls/ControlRig_Triangle_3mm.uasset" 171
"../../../Engine/Plugins/Animation/ControlRig/Content/Controls/ControlRig_Triangle_3mm.ubulk" 172
"../../../Engine/Plugins/Animation/ControlRig/Content/Controls/ControlRig_Triangle_3mm.uexp" 173
"../../../Engine/Plugins/Animation/ControlRig/Content/Controls/ControlRig_Triangle_1mm.uasset" 174
"../../../Engine/Plugins/Animation/ControlRig/Content/Controls/ControlRig_Triangle_1mm.ubulk" 175
"../../../Engine/Plugins/Animation/ControlRig/Content/Controls/ControlRig_Triangle_1mm.uexp" 176
"../../../Engine/Plugins/Animation/ControlRig/Content/Controls/ControlRig_Star4_solid.uasset" 177
"../../../Engine/Plugins/Animation/ControlRig/Content/Controls/ControlRig_Star4_solid.ubulk" 178
"../../../Engine/Plugins/Animation/ControlRig/Content/Controls/ControlRig_Star4_solid.uexp" 179
"../../../Engine/Plugins/Animation/ControlRig/Content/Controls/ControlRig_Star4_3mm.uasset" 180
"../../../Engine/Plugins/Animation/ControlRig/Content/Controls/ControlRig_Star4_3mm.ubulk" 181
"../../../Engine/Plugins/Animation/ControlRig/Content/Controls/ControlRig_Star4_3mm.uexp" 182
"../../../Engine/Plugins/Animation/ControlRig/Content/Controls/ControlRig_Star4_1mm.uasset" 183
"../../../Engine/Plugins/Animation/ControlRig/Content/Controls/ControlRig_Star4_1mm.ubulk" 184
"../../../Engine/Plugins/Animation/ControlRig/Content/Controls/ControlRig_Star4_1mm.uexp" 185
"../../../Engine/Plugins/Animation/ControlRig/Content/Controls/ControlRig_Square_solid.uasset" 186
"../../../Engine/Plugins/Animation/ControlRig/Content/Controls/ControlRig_Square_solid.ubulk" 187
"../../../Engine/Plugins/Animation/ControlRig/Content/Controls/ControlRig_Square_solid.uexp" 188
"../../../Engine/Plugins/Animation/ControlRig/Content/Controls/ControlRig_Square_3mm.uasset" 189
"../../../Engine/Plugins/Animation/ControlRig/Content/Controls/ControlRig_Square_3mm.ubulk" 190
"../../../Engine/Plugins/Animation/ControlRig/Content/Controls/ControlRig_Square_3mm.uexp" 191
"../../../Engine/Plugins/Animation/ControlRig/Content/Controls/ControlRig_Square_1mm.uasset" 192
"../../../Engine/Plugins/Animation/ControlRig/Content/Controls/ControlRig_Square_1mm.ubulk" 193
"../../../Engine/Plugins/Animation/ControlRig/Content/Controls/ControlRig_Square_1mm.uexp" 194
"../../../Engine/Plugins/Animation/ControlRig/Content/Controls/ControlRig_Sphere_solid.uasset" 195
"../../../Engine/Plugins/Animation/ControlRig/Content/Controls/ControlRig_Sphere_solid.ubulk" 196
"../../../Engine/Plugins/Animation/ControlRig/Content/Controls/ControlRig_Sphere_solid.uexp" 197
"../../../Engine/Plugins/Animation/ControlRig/Content/Controls/ControlRig_Sphere_3mm.uasset" 198
"../../../Engine/Plugins/Animation/ControlRig/Content/Controls/ControlRig_Sphere_3mm.ubulk" 199
"../../../Engine/Plugins/Animation/ControlRig/Content/Controls/ControlRig_Sphere_3mm.uexp" 200
"../../../Engine/Plugins/Animation/ControlRig/Content/Controls/ControlRig_Sphere_1mm.uasset" 201
"../../../Engine/Plugins/Animation/ControlRig/Content/Controls/ControlRig_Sphere_1mm.ubulk" 202
"../../../Engine/Plugins/Animation/ControlRig/Content/Controls/ControlRig_Sphere_1mm.uexp" 203
"../../../Engine/Plugins/Animation/ControlRig/Content/Controls/ControlRig_RoundedTriangle_solid.uasset" 204
"../../../Engine/Plugins/Animation/ControlRig/Content/Controls/ControlRig_RoundedTriangle_solid.ubulk" 205
"../../../Engine/Plugins/Animation/ControlRig/Content/Controls/ControlRig_RoundedTriangle_solid.uexp" 206
"../../../Engine/Plugins/Animation/ControlRig/Content/Controls/ControlRig_RoundedTriangle_3mm.uasset" 207
"../../../Engine/Plugins/Animation/ControlRig/Content/Controls/ControlRig_RoundedTriangle_3mm.ubulk" 208
"../../../Engine/Plugins/Animation/ControlRig/Content/Controls/ControlRig_RoundedTriangle_3mm.uexp" 209
"../../../Engine/Plugins/Animation/ControlRig/Content/Controls/ControlRig_RoundedTriangle_1mm.uasset" 210
"../../../Engine/Plugins/Animation/ControlRig/Content/Controls/ControlRig_RoundedTriangle_1mm.ubulk" 211
"../../../Engine/Plugins/Animation/ControlRig/Content/Controls/ControlRig_RoundedTriangle_1mm.uexp" 212
"../../../Engine/Plugins/Animation/ControlRig/Content/Controls/ControlRig_RoundedSquare_solid.uasset" 213
"../../../Engine/Plugins/Animation/ControlRig/Content/Controls/ControlRig_RoundedSquare_solid.ubulk" 214
"../../../Engine/Plugins/Animation/ControlRig/Content/Controls/ControlRig_RoundedSquare_solid.uexp" 215
"../../../Engine/Plugins/Animation/ControlRig/Content/Controls/ControlRig_RoundedSquare_3mm.uasset" 216
"../../../Engine/Plugins/Animation/ControlRig/Content/Controls/ControlRig_RoundedSquare_3mm.ubulk" 217
"../../../Engine/Plugins/Animation/ControlRig/Content/Controls/ControlRig_RoundedSquare_3mm.uexp" 218
"../../../Engine/Plugins/Animation/ControlRig/Content/Controls/ControlRig_RoundedSquare_1mm.uasset" 219
"../../../Engine/Plugins/Animation/ControlRig/Content/Controls/ControlRig_RoundedSquare_1mm.ubulk" 220
"../../../Engine/Plugins/Animation/ControlRig/Content/Controls/ControlRig_RoundedSquare_1mm.uexp" 221
"../../../Engine/Plugins/Animation/ControlRig/Content/Controls/ControlRig_QuarterCircle_solid.uasset" 222
"../../../Engine/Plugins/Animation/ControlRig/Content/Controls/ControlRig_QuarterCircle_solid.ubulk" 223
"../../../Engine/Plugins/Animation/ControlRig/Content/Controls/ControlRig_QuarterCircle_solid.uexp" 224
"../../../Engine/Plugins/Animation/ControlRig/Content/Controls/ControlRig_QuarterCircle_3mm.uasset" 225
"../../../Engine/Plugins/Animation/ControlRig/Content/Controls/ControlRig_QuarterCircle_3mm.ubulk" 226
"../../../Engine/Plugins/Animation/ControlRig/Content/Controls/ControlRig_QuarterCircle_3mm.uexp" 227
"../../../Engine/Plugins/Animation/ControlRig/Content/Controls/ControlRig_QuarterCircle_1mm.uasset" 228
"../../../Engine/Plugins/Animation/ControlRig/Content/Controls/ControlRig_QuarterCircle_1mm.ubulk" 229
"../../../Engine/Plugins/Animation/ControlRig/Content/Controls/ControlRig_QuarterCircle_1mm.uexp" 230
"../../../Engine/Plugins/Animation/ControlRig/Content/Controls/ControlRig_Pyramid_solid.uasset" 231
"../../../Engine/Plugins/Animation/ControlRig/Content/Controls/ControlRig_Pyramid_solid.ubulk" 232
"../../../Engine/Plugins/Animation/ControlRig/Content/Controls/ControlRig_Pyramid_solid.uexp" 233
"../../../Engine/Plugins/Animation/ControlRig/Content/Controls/ControlRig_Pyramid_3mm.uasset" 234
"../../../Engine/Plugins/Animation/ControlRig/Content/Controls/ControlRig_Pyramid_3mm.ubulk" 235
"../../../Engine/Plugins/Animation/ControlRig/Content/Controls/ControlRig_Pyramid_3mm.uexp" 236
"../../../Engine/Plugins/Animation/ControlRig/Content/Controls/ControlRig_Pyramid_1mm.uasset" 237
"../../../Engine/Plugins/Animation/ControlRig/Content/Controls/ControlRig_Pyramid_1mm.ubulk" 238
"../../../Engine/Plugins/Animation/ControlRig/Content/Controls/ControlRig_Pyramid_1mm.uexp" 239
"../../../Engine/Plugins/Animation/ControlRig/Content/Controls/ControlRig_Octagon_solid.uasset" 240
"../../../Engine/Plugins/Animation/ControlRig/Content/Controls/ControlRig_Octagon_solid.ubulk" 241
"../../../Engine/Plugins/Animation/ControlRig/Content/Controls/ControlRig_Octagon_solid.uexp" 242
"../../../Engine/Plugins/Animation/ControlRig/Content/Controls/ControlRig_Octagon_3mm.uasset" 243
"../../../Engine/Plugins/Animation/ControlRig/Content/Controls/ControlRig_Octagon_3mm.ubulk" 244
"../../../Engine/Plugins/Animation/ControlRig/Content/Controls/ControlRig_Octagon_3mm.uexp" 245
"../../../Engine/Plugins/Animation/ControlRig/Content/Controls/ControlRig_Octagon_1mm.uasset" 246
"../../../Engine/Plugins/Animation/ControlRig/Content/Controls/ControlRig_Octagon_1mm.ubulk" 247
"../../../Engine/Plugins/Animation/ControlRig/Content/Controls/ControlRig_Octagon_1mm.uexp" 248
"../../../Engine/Plugins/Animation/ControlRig/Content/Controls/ControlRig_Hexagon_solid.uasset" 249
"../../../Engine/Plugins/Animation/ControlRig/Content/Controls/ControlRig_Hexagon_solid.ubulk" 250
"../../../Engine/Plugins/Animation/ControlRig/Content/Controls/ControlRig_Hexagon_solid.uexp" 251
"../../../Engine/Plugins/Animation/ControlRig/Content/Controls/ControlRig_Hexagon_3mm.uasset" 252
"../../../Engine/Plugins/Animation/ControlRig/Content/Controls/ControlRig_Hexagon_3mm.ubulk" 253
"../../../Engine/Plugins/Animation/ControlRig/Content/Controls/ControlRig_Hexagon_3mm.uexp" 254
"../../../Engine/Plugins/Animation/ControlRig/Content/Controls/ControlRig_Hexagon_1mm.uasset" 255
"../../../Engine/Plugins/Animation/ControlRig/Content/Controls/ControlRig_Hexagon_1mm.ubulk" 256
"../../../Engine/Plugins/Animation/ControlRig/Content/Controls/ControlRig_Hexagon_1mm.uexp" 257
"../../../Engine/Plugins/Animation/ControlRig/Content/Controls/ControlRig_HalfCircle_solid.uasset" 258
"../../../Engine/Plugins/Animation/ControlRig/Content/Controls/ControlRig_HalfCircle_solid.ubulk" 259
"../../../Engine/Plugins/Animation/ControlRig/Content/Controls/ControlRig_HalfCircle_solid.uexp" 260
"../../../Engine/Plugins/Animation/ControlRig/Content/Controls/ControlRig_HalfCircle_3mm.uasset" 261
"../../../Engine/Plugins/Animation/ControlRig/Content/Controls/ControlRig_HalfCircle_3mm.ubulk" 262
"../../../Engine/Plugins/Animation/ControlRig/Content/Controls/ControlRig_HalfCircle_3mm.uexp" 263
"../../../Engine/Plugins/Animation/ControlRig/Content/Controls/ControlRig_HalfCircle_1mm.uasset" 264
"../../../Engine/Plugins/Animation/ControlRig/Content/Controls/ControlRig_HalfCircle_1mm.ubulk" 265
"../../../Engine/Plugins/Animation/ControlRig/Content/Controls/ControlRig_HalfCircle_1mm.uexp" 266
"../../../Engine/Plugins/Runtime/MeshModelingToolset/Content/Materials/M_DynamicMeshComponentVtxColor.uasset" 267
"../../../Engine/Plugins/Runtime/MeshModelingToolset/Content/Materials/M_DynamicMeshComponentVtxColor.uexp" 268
"../../../Engine/Plugins/Interchange/Runtime/Content/Pipelines/DefaultTexturePipeline.uasset" 269
"../../../Engine/Plugins/Interchange/Runtime/Content/Pipelines/DefaultTexturePipeline.uexp" 270
"../../../Engine/Plugins/Interchange/Runtime/Content/Pipelines/DefaultSceneLevelPipeline.uasset" 271
"../../../Engine/Plugins/Interchange/Runtime/Content/Pipelines/DefaultSceneLevelPipeline.uexp" 272
"../../../Engine/Plugins/Interchange/Runtime/Content/Pipelines/DefaultSceneAssetsPipeline.uasset" 273
"../../../Engine/Plugins/Interchange/Runtime/Content/Pipelines/DefaultSceneAssetsPipeline.uexp" 274
"../../../Engine/Plugins/Interchange/Runtime/Content/Pipelines/DefaultMaterialPipeline.uasset" 275
"../../../Engine/Plugins/Interchange/Runtime/Content/Pipelines/DefaultMaterialPipeline.uexp" 276
"../../../Engine/Plugins/Interchange/Runtime/Content/Pipelines/DefaultAssetsPipeline.uasset" 277
"../../../Engine/Plugins/Interchange/Runtime/Content/Pipelines/DefaultAssetsPipeline.uexp" 278
"../../../Engine/Plugins/Editor/SpeedTreeImporter/Content/SpeedTree9/game_wind_noise.uasset" 279
"../../../Engine/Plugins/Editor/SpeedTreeImporter/Content/SpeedTree9/game_wind_noise.ubulk" 280
"../../../Engine/Plugins/Editor/SpeedTreeImporter/Content/SpeedTree9/game_wind_noise.uexp" 281
"../../../Engine/Plugins/Editor/SpeedTreeImporter/Content/SpeedTree9/UnpackDirection.uasset" 282
"../../../Engine/Plugins/Editor/SpeedTreeImporter/Content/SpeedTree9/UnpackDirection.uexp" 283
"../../../Engine/Content/Functions/Engine_MaterialFunctions02/ObjectLocalBounds.uasset" 284
"../../../Engine/Content/Functions/Engine_MaterialFunctions02/ObjectLocalBounds.uexp" 285
"../../../Engine/Content/Functions/Engine_MaterialFunctions02/Utility/BreakOutFloat3Components.uasset" 286
"../../../Engine/Content/Functions/Engine_MaterialFunctions02/Utility/BreakOutFloat3Components.uexp" 287
"../../../Engine/Content/Functions/Engine_MaterialFunctions02/UVs/BoundingBoxBased_0-1_UVW.uasset" 288
"../../../Engine/Content/Functions/Engine_MaterialFunctions02/UVs/BoundingBoxBased_0-1_UVW.uexp" 289
"../../../Engine/Content/Functions/Engine_MaterialFunctions02/Utility/VectorLength.uasset" 290
"../../../Engine/Content/Functions/Engine_MaterialFunctions02/Utility/VectorLength.uexp" 291
"../../../Engine/Plugins/Editor/SpeedTreeImporter/Content/SpeedTree9/UnpackInteger3.uasset" 292
"../../../Engine/Plugins/Editor/SpeedTreeImporter/Content/SpeedTree9/UnpackInteger3.uexp" 293
"../../../Engine/Plugins/Editor/SpeedTreeImporter/Content/SpeedTree9/SpeedTreeCameraFacing.uasset" 294
"../../../Engine/Plugins/Editor/SpeedTreeImporter/Content/SpeedTree9/SpeedTreeCameraFacing.uexp" 295
"../../../Engine/Content/Functions/Engine_MaterialFunctions02/WorldPositionOffset/ObjectScale.uasset" 296
"../../../Engine/Content/Functions/Engine_MaterialFunctions02/WorldPositionOffset/ObjectScale.uexp" 297
"../../../Engine/Content/Functions/Engine_MaterialFunctions02/SafeNormalize.uasset" 298
"../../../Engine/Content/Functions/Engine_MaterialFunctions02/SafeNormalize.uexp" 299
"../../../Engine/Plugins/Editor/SpeedTreeImporter/Content/SpeedTree9/SpeedTreeWindMotion.uasset" 300
"../../../Engine/Plugins/Editor/SpeedTreeImporter/Content/SpeedTree9/SpeedTreeWindMotion.uexp" 301
"../../../Engine/Plugins/Editor/SpeedTreeImporter/Content/SpeedTree9/SpeedTreeBranchMotion.uasset" 302
"../../../Engine/Plugins/Editor/SpeedTreeImporter/Content/SpeedTree9/SpeedTreeBranchMotion.uexp" 303
"../../../Engine/Plugins/Editor/SpeedTreeImporter/Content/SpeedTree9/SpeedTreeWind.uasset" 304
"../../../Engine/Plugins/Editor/SpeedTreeImporter/Content/SpeedTree9/SpeedTreeWind.uexp" 305
"../../../Engine/Plugins/Editor/SpeedTreeImporter/Content/SpeedTree9/EmptyNormal.uasset" 306
"../../../Engine/Plugins/Editor/SpeedTreeImporter/Content/SpeedTree9/EmptyNormal.uexp" 307
"../../../Engine/Plugins/Editor/SpeedTreeImporter/Content/SpeedTree9/Empty.uasset" 308
"../../../Engine/Plugins/Editor/SpeedTreeImporter/Content/SpeedTree9/Empty.uexp" 309
"../../../Engine/Plugins/Editor/SpeedTreeImporter/Content/SpeedTree9/SpeedTreeMaster.uasset" 310
"../../../Engine/Plugins/Editor/SpeedTreeImporter/Content/SpeedTree9/SpeedTreeMaster.uexp" 311
"../../../Engine/Plugins/Editor/SpeedTreeImporter/Content/SpeedTree9/SpeedTreeBillboard.uasset" 312
"../../../Engine/Plugins/Editor/SpeedTreeImporter/Content/SpeedTree9/SpeedTreeBillboard.uexp" 313
"../../../Engine/Plugins/Editor/SpeedTreeImporter/Content/SpeedTree9/SpeedTreeBillboardMaster.uasset" 314
"../../../Engine/Plugins/Editor/SpeedTreeImporter/Content/SpeedTree9/SpeedTreeBillboardMaster.uexp" 315
"../../../Engine/Plugins/Animation/ControlRig/Content/Controls/ControlRig_Diamond_solid.uasset" 316
"../../../Engine/Plugins/Animation/ControlRig/Content/Controls/ControlRig_Diamond_solid.ubulk" 317
"../../../Engine/Plugins/Animation/ControlRig/Content/Controls/ControlRig_Diamond_solid.uexp" 318
"../../../Engine/Plugins/Animation/ControlRig/Content/Controls/ControlRig_Diamond_3mm.uasset" 319
"../../../Engine/Plugins/Animation/ControlRig/Content/Controls/ControlRig_Diamond_3mm.ubulk" 320
"../../../Engine/Plugins/Animation/ControlRig/Content/Controls/ControlRig_Diamond_3mm.uexp" 321
"../../../Engine/Plugins/Animation/ControlRig/Content/Controls/ControlRig_Diamond_1mm.uasset" 322
"../../../Engine/Plugins/Animation/ControlRig/Content/Controls/ControlRig_Diamond_1mm.ubulk" 323
"../../../Engine/Plugins/Animation/ControlRig/Content/Controls/ControlRig_Diamond_1mm.uexp" 324
"../../../Engine/Plugins/Animation/ControlRig/Content/Controls/ControlRig_Circle_solid.uasset" 325
"../../../Engine/Plugins/Animation/ControlRig/Content/Controls/ControlRig_Circle_solid.ubulk" 326
"../../../Engine/Plugins/Animation/ControlRig/Content/Controls/ControlRig_Circle_solid.uexp" 327
"../../../Engine/Plugins/Animation/ControlRig/Content/Controls/ControlRig_Circle_3mm.uasset" 328
"../../../Engine/Plugins/Animation/ControlRig/Content/Controls/ControlRig_Circle_3mm.ubulk" 329
"../../../Engine/Plugins/Animation/ControlRig/Content/Controls/ControlRig_Circle_3mm.uexp" 330
"../../../Engine/Plugins/Animation/ControlRig/Content/Controls/ControlRig_Circle_1mm.uasset" 331
"../../../Engine/Plugins/Animation/ControlRig/Content/Controls/ControlRig_Circle_1mm.ubulk" 332
"../../../Engine/Plugins/Animation/ControlRig/Content/Controls/ControlRig_Circle_1mm.uexp" 333
"../../../Engine/Plugins/Animation/ControlRig/Content/Controls/ControlRig_Box_solid.uasset" 334
"../../../Engine/Plugins/Animation/ControlRig/Content/Controls/ControlRig_Box_solid.ubulk" 335
"../../../Engine/Plugins/Animation/ControlRig/Content/Controls/ControlRig_Box_solid.uexp" 336
"../../../Engine/Plugins/Animation/ControlRig/Content/Controls/ControlRig_Box_3mm.uasset" 337
"../../../Engine/Plugins/Animation/ControlRig/Content/Controls/ControlRig_Box_3mm.ubulk" 338
"../../../Engine/Plugins/Animation/ControlRig/Content/Controls/ControlRig_Box_3mm.uexp" 339
"../../../Engine/Plugins/Animation/ControlRig/Content/Controls/ControlRig_Box_1mm.uasset" 340
"../../../Engine/Plugins/Animation/ControlRig/Content/Controls/ControlRig_Box_1mm.ubulk" 341
"../../../Engine/Plugins/Animation/ControlRig/Content/Controls/ControlRig_Box_1mm.uexp" 342
"../../../Engine/Plugins/Animation/ControlRig/Content/Controls/ControlRig_Arrow_solid.uasset" 343
"../../../Engine/Plugins/Animation/ControlRig/Content/Controls/ControlRig_Arrow_solid.ubulk" 344
"../../../Engine/Plugins/Animation/ControlRig/Content/Controls/ControlRig_Arrow_solid.uexp" 345
"../../../Engine/Plugins/Animation/ControlRig/Content/Controls/ControlRig_Arrow_3mm.uasset" 346
"../../../Engine/Plugins/Animation/ControlRig/Content/Controls/ControlRig_Arrow_3mm.ubulk" 347
"../../../Engine/Plugins/Animation/ControlRig/Content/Controls/ControlRig_Arrow_3mm.uexp" 348
"../../../Engine/Plugins/Animation/ControlRig/Content/Controls/ControlRig_Arrow_1mm.uasset" 349
"../../../Engine/Plugins/Animation/ControlRig/Content/Controls/ControlRig_Arrow_1mm.ubulk" 350
"../../../Engine/Plugins/Animation/ControlRig/Content/Controls/ControlRig_Arrow_1mm.uexp" 351
"../../../Engine/Plugins/Animation/ControlRig/Content/Controls/ControlRig_Arrow4_solid.uasset" 352
"../../../Engine/Plugins/Animation/ControlRig/Content/Controls/ControlRig_Arrow4_solid.ubulk" 353
"../../../Engine/Plugins/Animation/ControlRig/Content/Controls/ControlRig_Arrow4_solid.uexp" 354
"../../../Engine/Plugins/Animation/ControlRig/Content/Controls/ControlRig_Arrow4_3mm.uasset" 355
"../../../Engine/Plugins/Animation/ControlRig/Content/Controls/ControlRig_Arrow4_3mm.ubulk" 356
"../../../Engine/Plugins/Animation/ControlRig/Content/Controls/ControlRig_Arrow4_3mm.uexp" 357
"../../../Engine/Plugins/Animation/ControlRig/Content/Controls/ControlRig_Arrow4_1mm.uasset" 358
"../../../Engine/Plugins/Animation/ControlRig/Content/Controls/ControlRig_Arrow4_1mm.ubulk" 359
"../../../Engine/Plugins/Animation/ControlRig/Content/Controls/ControlRig_Arrow4_1mm.uexp" 360
"../../../Engine/Plugins/Animation/ControlRig/Content/Controls/ControlRig_Arrow2_solid.uasset" 361
"../../../Engine/Plugins/Animation/ControlRig/Content/Controls/ControlRig_Arrow2_solid.ubulk" 362
"../../../Engine/Plugins/Animation/ControlRig/Content/Controls/ControlRig_Arrow2_solid.uexp" 363
"../../../Engine/Plugins/Animation/ControlRig/Content/Controls/ControlRig_Arrow2_3mm.uasset" 364
"../../../Engine/Plugins/Animation/ControlRig/Content/Controls/ControlRig_Arrow2_3mm.ubulk" 365
"../../../Engine/Plugins/Animation/ControlRig/Content/Controls/ControlRig_Arrow2_3mm.uexp" 366
"../../../Engine/Plugins/Animation/ControlRig/Content/Controls/ControlRig_Arrow2_1mm.uasset" 367
"../../../Engine/Plugins/Animation/ControlRig/Content/Controls/ControlRig_Arrow2_1mm.ubulk" 368
"../../../Engine/Plugins/Animation/ControlRig/Content/Controls/ControlRig_Arrow2_1mm.uexp" 369
"../../../Engine/Plugins/Animation/ControlRig/Content/Controls/ControlRigXRayMaterial.uasset" 370
"../../../Engine/Plugins/Animation/ControlRig/Content/Controls/ControlRigXRayMaterial.uexp" 371
"../../../Engine/Plugins/Animation/ControlRig/Content/Controls/ControlRigGizmoMaterial.uasset" 372
"../../../Engine/Plugins/Animation/ControlRig/Content/Controls/ControlRigGizmoMaterial.uexp" 373
"../../../Engine/Content/EngineSounds/Master.uasset" 374
"../../../Engine/Content/EngineSounds/Master.uexp" 375
"../../../Engine/Content/EngineSky/T_Sky_Stars.uasset" 376
"../../../Engine/Content/EngineSky/T_Sky_Stars.ubulk" 377
"../../../Engine/Content/EngineSky/T_Sky_Stars.uexp" 378
"../../../Engine/Content/EngineSky/T_Sky_Clouds_M.uasset" 379
"../../../Engine/Content/EngineSky/T_Sky_Clouds_M.ubulk" 380
"../../../Engine/Content/EngineSky/T_Sky_Clouds_M.uexp" 381
"../../../Engine/Content/EngineSky/T_Sky_Blue.uasset" 382
"../../../Engine/Content/EngineSky/T_Sky_Blue.ubulk" 383
"../../../Engine/Content/EngineSky/T_Sky_Blue.uexp" 384
"../../../Engine/Content/EngineSky/M_Sky_Panning_Clouds2.uasset" 385
"../../../Engine/Content/EngineSky/M_Sky_Panning_Clouds2.uexp" 386
"../../../Engine/Content/EngineSky/SM_SkySphere.uasset" 387
"../../../Engine/Content/EngineSky/SM_SkySphere.ubulk" 388
"../../../Engine/Content/EngineSky/SM_SkySphere.uexp" 389
"../../../Engine/Content/EngineSky/M_SimpleSkyDome.uasset" 390
"../../../Engine/Content/EngineSky/M_SimpleSkyDome.uexp" 391
"../../../Engine/Content/EngineMaterials/STBlueNoise_scalar_128x128x64.uasset" 392
"../../../Engine/Content/EngineMaterials/STBlueNoise_scalar_128x128x64.uexp" 393
"../../../Engine/Content/EngineMaterials/RemoveSurfaceMaterial.uasset" 394
"../../../Engine/Content/EngineMaterials/RemoveSurfaceMaterial.uexp" 395
"../../../Engine/Content/EngineMaterials/PhAT_JointLimitMaterial.uasset" 396
"../../../Engine/Content/EngineMaterials/PhAT_JointLimitMaterial.uexp" 397
"../../../Engine/Content/EngineMaterials/DefaultCalibrationGrayscale.uasset" 398
"../../../Engine/Content/EngineMaterials/DefaultCalibrationGrayscale.uexp" 399
"../../../Engine/Content/EngineMaterials/PPM_DefaultCalibrationGrayscale.uasset" 400
"../../../Engine/Content/EngineMaterials/PPM_DefaultCalibrationGrayscale.uexp" 401
"../../../Engine/Content/EngineMaterials/DefaultCalibrationColor.uasset" 402
"../../../Engine/Content/EngineMaterials/DefaultCalibrationColor.uexp" 403
"../../../Engine/Content/EngineMaterials/PPM_DefaultCalibrationColor.uasset" 404
"../../../Engine/Content/EngineMaterials/PPM_DefaultCalibrationColor.uexp" 405
"../../../Engine/Content/EngineMaterials/NaniteHiddenSectionMaterial.uasset" 406
"../../../Engine/Content/EngineMaterials/NaniteHiddenSectionMaterial.uexp" 407
"../../../Engine/Content/EngineMaterials/InvalidLightmapSettings.uasset" 408
"../../../Engine/Content/EngineMaterials/InvalidLightmapSettings.ubulk" 409
"../../../Engine/Content/EngineMaterials/InvalidLightmapSettings.uexp" 410
"../../../Engine/Content/EngineMaterials/M_InvalidLightmapSettings.uasset" 411
"../../../Engine/Content/EngineMaterials/M_InvalidLightmapSettings.uexp" 412
"../../../Engine/Content/EngineMaterials/GizmoMaterial.uasset" 413
"../../../Engine/Content/EngineMaterials/GizmoMaterial.uexp" 414
"../../../Engine/Content/EngineMaterials/BaseFlattenEmissiveMap_VT.uasset" 415
"../../../Engine/Content/EngineMaterials/BaseFlattenEmissiveMap_VT.uexp" 416
"../../../Engine/Content/EngineMaterials/BaseFlattenGrayscaleMap_VT.uasset" 417
"../../../Engine/Content/EngineMaterials/BaseFlattenGrayscaleMap_VT.uexp" 418
"../../../Engine/Content/EngineMaterials/BaseFlattenLinearColor_VT.uasset" 419
"../../../Engine/Content/EngineMaterials/BaseFlattenLinearColor_VT.uexp" 420
"../../../Engine/Content/EngineMaterials/Black_1x1_EXR_Texture_VT.uasset" 421
"../../../Engine/Content/EngineMaterials/Black_1x1_EXR_Texture_VT.uexp" 422
"../../../Engine/Content/EngineMaterials/BaseFlattenDiffuseMap_VT.uasset" 423
"../../../Engine/Content/EngineMaterials/BaseFlattenDiffuseMap_VT.uexp" 424
"../../../Engine/Content/EngineMaterials/BaseFlattenNormalMap_VT.uasset" 425
"../../../Engine/Content/EngineMaterials/BaseFlattenNormalMap_VT.uexp" 426
"../../../Engine/Content/EngineMaterials/FlattenMaterial_WS_Normal_VT.uasset" 427
"../../../Engine/Content/EngineMaterials/FlattenMaterial_WS_Normal_VT.uexp" 428
"../../../Engine/Content/EngineMaterials/FlattenMaterial_VT.uasset" 429
"../../../Engine/Content/EngineMaterials/FlattenMaterial_VT.uexp" 430
"../../../Engine/Content/EngineMaterials/BaseFlattenNormalMap.uasset" 431
"../../../Engine/Content/EngineMaterials/BaseFlattenNormalMap.uexp" 432
"../../../Engine/Content/EngineMaterials/BaseFlattenGrayscaleMap.uasset" 433
"../../../Engine/Content/EngineMaterials/BaseFlattenGrayscaleMap.uexp" 434
"../../../Engine/Content/EngineMaterials/BaseFlattenDiffuseMap.uasset" 435
"../../../Engine/Content/EngineMaterials/BaseFlattenDiffuseMap.uexp" 436
"../../../Engine/Content/Functions/Engine_MaterialFunctions02/PivotPainter2/Black_1x1_EXR_Texture.uasset" 437
"../../../Engine/Content/Functions/Engine_MaterialFunctions02/PivotPainter2/Black_1x1_EXR_Texture.uexp" 438
"../../../Engine/Content/EngineMaterials/BaseFlattenEmissiveMap.uasset" 439
"../../../Engine/Content/EngineMaterials/BaseFlattenEmissiveMap.uexp" 440
"../../../Engine/Content/EngineMaterials/BaseFlattenLinearColor.uasset" 441
"../../../Engine/Content/EngineMaterials/BaseFlattenLinearColor.uexp" 442
"../../../Engine/Content/EngineMaterials/FlattenMaterial.uasset" 443
"../../../Engine/Content/EngineMaterials/FlattenMaterial.uexp" 444
"../../../Engine/Content/EngineMaterials/DefaultWhiteGrid_Low.uasset" 445
"../../../Engine/Content/EngineMaterials/DefaultWhiteGrid_Low.uexp" 446
"../../../Engine/Content/EngineMaterials/EmissiveMeshMaterial.uasset" 447
"../../../Engine/Content/EngineMaterials/EmissiveMeshMaterial.uexp" 448
"../../../Engine/Content/EngineFonts/RobotoDistanceField.uasset" 449
"../../../Engine/Content/EngineFonts/RobotoDistanceField.uexp" 450
"../../../Engine/Content/EngineMaterials/DefaultTextMaterialOpaque.uasset" 451
"../../../Engine/Content/EngineMaterials/DefaultTextMaterialOpaque.uexp" 452
"../../../Engine/Content/EngineMaterials/DefaultDiffuse.uasset" 453
"../../../Engine/Content/EngineMaterials/DefaultDiffuse.ubulk" 454
"../../../Engine/Content/EngineMaterials/DefaultDiffuse.uexp" 455
"../../../Engine/Content/Functions/Engine_MaterialFunctions02/Utility/BreakOutFloat2Components.uasset" 456
"../../../Engine/Content/Functions/Engine_MaterialFunctions02/Utility/BreakOutFloat2Components.uexp" 457
"../../../Engine/Content/EngineMaterials/DefaultPostProcessMaterial.uasset" 458
"../../../Engine/Content/EngineMaterials/DefaultPostProcessMaterial.uexp" 459
"../../../Engine/Content/EngineMaterials/DefaultPhysicalMaterial.uasset" 460
"../../../Engine/Content/EngineMaterials/DefaultPhysicalMaterial.uexp" 461
"../../../Engine/Content/EngineMaterials/DefaultLightFunctionMaterial.uasset" 462
"../../../Engine/Content/EngineMaterials/DefaultLightFunctionMaterial.uexp" 463
"../../../Engine/Content/EngineMaterials/DefaultDestructiblePhysicalMaterial.uasset" 464
"../../../Engine/Content/EngineMaterials/DefaultDestructiblePhysicalMaterial.uexp" 465
"../../../Engine/Content/EngineMaterials/DefaultDeferredDecalMaterial.uasset" 466
"../../../Engine/Content/EngineMaterials/DefaultDeferredDecalMaterial.uexp" 467
"../../../Engine/Content/EngineMaterials/DefaultBloomKernel.uasset" 468
"../../../Engine/Content/EngineMaterials/DefaultBloomKernel.uexp" 469
"../../../Engine/Content/EngineFonts/Faces/RobotoLight.uasset" 470
"../../../Engine/Content/EngineFonts/Faces/RobotoLight.ufont" 471
"../../../Engine/Content/EngineFonts/Faces/RobotoLight.uexp" 472
"../../../Engine/Content/EngineFonts/Faces/RobotoBold.uasset" 473
"../../../Engine/Content/EngineFonts/Faces/RobotoBold.ufont" 474
"../../../Engine/Content/EngineFonts/Faces/RobotoBold.uexp" 475
"../../../Engine/Content/EngineFonts/Faces/RobotoRegular.uasset" 476
"../../../Engine/Content/EngineFonts/Faces/RobotoRegular.ufont" 477
"../../../Engine/Content/EngineFonts/Faces/RobotoRegular.uexp" 478
"../../../Engine/Content/EngineFonts/Faces/DroidSansFallback.uasset" 479
"../../../Engine/Content/EngineFonts/Faces/DroidSansFallback.ufont" 480
"../../../Engine/Content/EngineFonts/Faces/DroidSansFallback.uexp" 481
"../../../Engine/Content/EngineFonts/Faces/RobotoItalic.uasset" 482
"../../../Engine/Content/EngineFonts/Faces/RobotoItalic.ufont" 483
"../../../Engine/Content/EngineFonts/Faces/RobotoItalic.uexp" 484
"../../../Engine/Content/EngineFonts/Faces/RobotoBoldItalic.uasset" 485
"../../../Engine/Content/EngineFonts/Faces/RobotoBoldItalic.ufont" 486
"../../../Engine/Content/EngineFonts/Faces/RobotoBoldItalic.uexp" 487
"../../../Engine/Content/EngineFonts/Roboto.uasset" 488
"../../../Engine/Content/EngineFonts/Roboto.uexp" 489
"../../../Engine/Content/Functions/Engine_MaterialFunctions02/Utility/CameraDirectionVector.uasset" 490
"../../../Engine/Content/Functions/Engine_MaterialFunctions02/Utility/CameraDirectionVector.uexp" 491
"../../../Engine/Content/EngineDebugMaterials/VolumeToRender.uasset" 492
"../../../Engine/Content/EngineDebugMaterials/VolumeToRender.uexp" 493
"../../../Engine/Content/EngineDebugMaterials/M_VolumeRenderSphereTracePP.uasset" 494
"../../../Engine/Content/EngineDebugMaterials/M_VolumeRenderSphereTracePP.uexp" 495
"../../../Engine/Content/EngineDebugMaterials/M_SimpleUnlitTranslucent.uasset" 496
"../../../Engine/Content/EngineDebugMaterials/M_SimpleUnlitTranslucent.uexp" 497
"../../../Engine/Content/EngineDebugMaterials/DebugMeshMaterial.uasset" 498
"../../../Engine/Content/EngineDebugMaterials/DebugMeshMaterial.uexp" 499
"../../../Engine/Content/EngineDebugMaterials/DebugEditorMaterial.uasset" 500
"../../../Engine/Content/EngineDebugMaterials/DebugEditorMaterial.uexp" 501
"../../../Engine/Content/EngineDamageTypes/DmgTypeBP_Environmental.uasset" 502
"../../../Engine/Content/EngineDamageTypes/DmgTypeBP_Environmental.uexp" 503
"../../../Engine/Content/EditorResources/S_Terrain.uasset" 504
"../../../Engine/Content/EditorResources/S_Terrain.ubulk" 505
"../../../Engine/Content/EditorResources/S_Terrain.uexp" 506
"../../../Engine/Content/EditorResources/EmptyActor.uasset" 507
"../../../Engine/Content/EditorResources/EmptyActor.uexp" 508
"../../../Engine/Content/EditorResources/BSPVertex.uasset" 509
"../../../Engine/Content/EditorResources/BSPVertex.uexp" 510
"../../../Engine/Content/EditorMaterials/PreviewShadowIndicator.uasset" 511
"../../../Engine/Content/EditorMaterials/PreviewShadowIndicator.ubulk" 512
"../../../Engine/Content/EditorMaterials/PreviewShadowIndicator.uexp" 513
"../../../Engine/Content/EditorMaterials/PreviewShadowIndicatorMaterial.uasset" 514
"../../../Engine/Content/EditorMaterials/PreviewShadowIndicatorMaterial.uexp" 515
"../../../Engine/Content/EditorMaterials/PhAT_UnselectedMaterial.uasset" 516
"../../../Engine/Content/EditorMaterials/PhAT_UnselectedMaterial.uexp" 517
"../../../Engine/Content/EditorMaterials/PhAT_NoCollisionMaterial.uasset" 518
"../../../Engine/Content/EditorMaterials/PhAT_NoCollisionMaterial.uexp" 519
"../../../Engine/Content/EngineMaterials/DefaultMaterial.uasset" 520
"../../../Engine/Content/EngineMaterials/DefaultMaterial.uexp" 521
"../../../Engine/Content/BasicShapes/Sphere.uasset" 522
"../../../Engine/Content/BasicShapes/Sphere.ubulk" 523
"../../../Engine/Content/BasicShapes/Sphere.uexp" 524
"../../../Engine/Content/BasicShapes/Plane.uasset" 525
"../../../Engine/Content/BasicShapes/Plane.ubulk" 526
"../../../Engine/Content/BasicShapes/Plane.uexp" 527
"../../../Engine/Content/BasicShapes/Cylinder.uasset" 528
"../../../Engine/Content/BasicShapes/Cylinder.ubulk" 529
"../../../Engine/Content/BasicShapes/Cylinder.uexp" 530
"../../../Engine/Content/BasicShapes/Cone.uasset" 531
"../../../Engine/Content/BasicShapes/Cone.ubulk" 532
"../../../Engine/Content/BasicShapes/Cone.uexp" 533
"../../../Engine/Content/BasicShapes/Cube.uasset" 534
"../../../Engine/Content/BasicShapes/Cube.ubulk" 535
"../../../Engine/Content/BasicShapes/Cube.uexp" 536
"/home/apm/School/GameMechanics_UnrealEngine/Weeping/Content/Weeping/Materials/M_Mirror.uasset" 537
"/home/apm/School/GameMechanics_UnrealEngine/Weeping/Content/Weeping/Materials/M_Mirror.uexp" 538
"/home/apm/School/GameMechanics_UnrealEngine/Weeping/Content/Weeping/Blueprints/BP_Mirror.uasset" 539
"/home/apm/School/GameMechanics_UnrealEngine/Weeping/Content/Weeping/Blueprints/BP_Mirror.uexp" 540
"/home/apm/School/GameMechanics_UnrealEngine/Weeping/Content/FirstPerson/Input/Actions/IA_Look.uasset" 541
"/home/apm/School/GameMechanics_UnrealEngine/Weeping/Content/FirstPerson/Input/Actions/IA_Look.uexp" 542
"../../../Engine/Content/Functions/Engine_MaterialFunctions02/Utility/BlendAngleCorrectedNormals.uasset" 543
"../../../Engine/Content/Functions/Engine_MaterialFunctions02/Utility/BlendAngleCorrectedNormals.uexp" 544
"../../../Engine/Content/Functions/MaterialLayerFunctions/MatLayerBlend_NormalBlend.uasset" 545
"../../../Engine/Content/Functions/MaterialLayerFunctions/MatLayerBlend_NormalBlend.uexp" 546
"/home/apm/School/GameMechanics_UnrealEngine/Weeping/Content/FirstPersonArms/Character/Materials/MaterialLayers/T_ML_Rubber_Blue_01_N.uasset" 547
"/home/apm/School/GameMechanics_UnrealEngine/Weeping/Content/FirstPersonArms/Character/Materials/MaterialLayers/T_ML_Rubber_Blue_01_N.ubulk" 548
"/home/apm/School/GameMechanics_UnrealEngine/Weeping/Content/FirstPersonArms/Character/Materials/MaterialLayers/T_ML_Rubber_Blue_01_N.uexp" 549
"/home/apm/School/GameMechanics_UnrealEngine/Weeping/Content/FirstPersonArms/Character/Materials/MaterialLayers/T_ML_Rubber_Blue_01_D.uasset" 550
"/home/apm/School/GameMechanics_UnrealEngine/Weeping/Content/FirstPersonArms/Character/Materials/MaterialLayers/T_ML_Rubber_Blue_01_D.ubulk" 551
"/home/apm/School/GameMechanics_UnrealEngine/Weeping/Content/FirstPersonArms/Character/Materials/MaterialLayers/T_ML_Rubber_Blue_01_D.uexp" 552
"/home/apm/School/GameMechanics_UnrealEngine/Weeping/Content/FirstPersonArms/Character/Materials/MaterialLayers/ML_GlossyBlack_Latex_UE4.uasset" 553
"/home/apm/School/GameMechanics_UnrealEngine/Weeping/Content/FirstPersonArms/Character/Materials/MaterialLayers/ML_GlossyBlack_Latex_UE4.uexp" 554
"/home/apm/School/GameMechanics_UnrealEngine/Weeping/Content/FirstPersonArms/Character/Textures/UE4_Mannequin_MAT_MASKA.uasset" 555
"/home/apm/School/GameMechanics_UnrealEngine/Weeping/Content/FirstPersonArms/Character/Textures/UE4_Mannequin_MAT_MASKA.ubulk" 556
"/home/apm/School/GameMechanics_UnrealEngine/Weeping/Content/FirstPersonArms/Character/Textures/UE4_Mannequin_MAT_MASKA.uexp" 557
"/home/apm/School/GameMechanics_UnrealEngine/Weeping/Content/FirstPersonArms/Character/Textures/UE4_LOGO_CARD.uasset" 558
"/home/apm/School/GameMechanics_UnrealEngine/Weeping/Content/FirstPersonArms/Character/Textures/UE4_LOGO_CARD.ubulk" 559
"/home/apm/School/GameMechanics_UnrealEngine/Weeping/Content/FirstPersonArms/Character/Textures/UE4_LOGO_CARD.uexp" 560
"/home/apm/School/GameMechanics_UnrealEngine/Weeping/Content/FirstPersonArms/Character/Materials/MaterialLayers/ML_Plastic_Shiny_Beige_LOGO.uasset" 561
"/home/apm/School/GameMechanics_UnrealEngine/Weeping/Content/FirstPersonArms/Character/Materials/MaterialLayers/ML_Plastic_Shiny_Beige_LOGO.uexp" 562
"../../../Engine/Content/Functions/MaterialLayerFunctions/MatLayerBlend_Simple.uasset" 563
"../../../Engine/Content/Functions/MaterialLayerFunctions/MatLayerBlend_Simple.uexp" 564
"/home/apm/School/GameMechanics_UnrealEngine/Weeping/Content/FirstPersonArms/Character/Materials/MaterialLayers/T_ML_Aluminum01.uasset" 565
"/home/apm/School/GameMechanics_UnrealEngine/Weeping/Content/FirstPersonArms/Character/Materials/MaterialLayers/T_ML_Aluminum01.ubulk" 566
"/home/apm/School/GameMechanics_UnrealEngine/Weeping/Content/FirstPersonArms/Character/Materials/MaterialLayers/T_ML_Aluminum01.uexp" 567
"/home/apm/School/GameMechanics_UnrealEngine/Weeping/Content/FirstPersonArms/Character/Materials/MaterialLayers/T_ML_Aluminum01_N.uasset" 568
"/home/apm/School/GameMechanics_UnrealEngine/Weeping/Content/FirstPersonArms/Character/Materials/MaterialLayers/T_ML_Aluminum01_N.ubulk" 569
"/home/apm/School/GameMechanics_UnrealEngine/Weeping/Content/FirstPersonArms/Character/Materials/MaterialLayers/T_ML_Aluminum01_N.uexp" 570
"/home/apm/School/GameMechanics_UnrealEngine/Weeping/Content/FirstPersonArms/Character/Materials/MaterialLayers/ML_SoftMetal_UE4.uasset" 571
"/home/apm/School/GameMechanics_UnrealEngine/Weeping/Content/FirstPersonArms/Character/Materials/MaterialLayers/ML_SoftMetal_UE4.uexp" 572
"/home/apm/School/GameMechanics_UnrealEngine/Weeping/Content/FirstPersonArms/Character/Materials/MaterialLayers/ML_Plastic_Shiny_Beige.uasset" 573
"/home/apm/School/GameMechanics_UnrealEngine/Weeping/Content/FirstPersonArms/Character/Materials/MaterialLayers/ML_Plastic_Shiny_Beige.uexp" 574
"/home/apm/School/GameMechanics_UnrealEngine/Weeping/Content/FirstPersonArms/Character/Textures/UE4_Mannequin__normals.uasset" 575
"/home/apm/School/GameMechanics_UnrealEngine/Weeping/Content/FirstPersonArms/Character/Textures/UE4_Mannequin__normals.ubulk" 576
"/home/apm/School/GameMechanics_UnrealEngine/Weeping/Content/FirstPersonArms/Character/Textures/UE4_Mannequin__normals.uexp" 577
"/home/apm/School/GameMechanics_UnrealEngine/Weeping/Content/FirstPersonArms/Character/Materials/M_UE4Man_Body.uasset" 578
"/home/apm/School/GameMechanics_UnrealEngine/Weeping/Content/FirstPersonArms/Character/Materials/M_UE4Man_Body.uexp" 579
"/home/apm/School/GameMechanics_UnrealEngine/Weeping/Content/FirstPersonArms/Character/Mesh/SK_Mannequin_Arms_PhysicsAsset.uasset" 580
"/home/apm/School/GameMechanics_UnrealEngine/Weeping/Content/FirstPersonArms/Character/Mesh/SK_Mannequin_Arms_PhysicsAsset.uexp" 581
"/home/apm/School/GameMechanics_UnrealEngine/Weeping/Content/FirstPersonArms/Character/Mesh/SK_Mannequin_Arms_Skeleton.uasset" 582
"/home/apm/School/GameMechanics_UnrealEngine/Weeping/Content/FirstPersonArms/Character/Mesh/SK_Mannequin_Arms_Skeleton.uexp" 583
"/home/apm/School/GameMechanics_UnrealEngine/Weeping/Content/FirstPersonArms/Character/Mesh/SK_Mannequin_Arms.uasset" 584
"/home/apm/School/GameMechanics_UnrealEngine/Weeping/Content/FirstPersonArms/Character/Mesh/SK_Mannequin_Arms.uexp" 585
"/home/apm/School/GameMechanics_UnrealEngine/Weeping/Content/FirstPerson/Input/Actions/IA_Move.uasset" 586
"/home/apm/School/GameMechanics_UnrealEngine/Weeping/Content/FirstPerson/Input/Actions/IA_Move.uexp" 587
"/home/apm/School/GameMechanics_UnrealEngine/Weeping/Content/FirstPerson/Input/Actions/IA_Jump.uasset" 588
"/home/apm/School/GameMechanics_UnrealEngine/Weeping/Content/FirstPerson/Input/Actions/IA_Jump.uexp" 589
"/home/apm/School/GameMechanics_UnrealEngine/Weeping/Content/FirstPerson/Input/IMC_Default.uasset" 590
"/home/apm/School/GameMechanics_UnrealEngine/Weeping/Content/FirstPerson/Input/IMC_Default.uexp" 591
"../../../Engine/Content/Animation/DefaultAnimCurveCompressionSettings.uasset" 592
"../../../Engine/Content/Animation/DefaultAnimCurveCompressionSettings.uexp" 593
"../../../Engine/Content/Animation/DefaultAnimBoneCompressionSettings.uasset" 594
"../../../Engine/Content/Animation/DefaultAnimBoneCompressionSettings.uexp" 595
"/home/apm/School/GameMechanics_UnrealEngine/Weeping/Content/FirstPersonArms/Animations/FP_Rifle_Idle.uasset" 596
"/home/apm/School/GameMechanics_UnrealEngine/Weeping/Content/FirstPersonArms/Animations/FP_Rifle_Idle.uexp" 597
"/home/apm/School/GameMechanics_UnrealEngine/Weeping/Content/FirstPersonArms/Animations/FP_Rifle_Land.uasset" 598
"/home/apm/School/GameMechanics_UnrealEngine/Weeping/Content/FirstPersonArms/Animations/FP_Rifle_Land.uexp" 599
"/home/apm/School/GameMechanics_UnrealEngine/Weeping/Content/FirstPersonArms/Animations/FP_Rifle_Run.uasset" 600
"/home/apm/School/GameMechanics_UnrealEngine/Weeping/Content/FirstPersonArms/Animations/FP_Rifle_Run.uexp" 601
"/home/apm/School/GameMechanics_UnrealEngine/Weeping/Content/FirstPersonArms/Animations/FP_Rifle_Falling.uasset" 602
"/home/apm/School/GameMechanics_UnrealEngine/Weeping/Content/FirstPersonArms/Animations/FP_Rifle_Falling.uexp" 603
"../../../Engine/Content/Animation/DefaultRecorderBoneCompression.uasset" 604
"../../../Engine/Content/Animation/DefaultRecorderBoneCompression.uexp" 605
"/home/apm/School/GameMechanics_UnrealEngine/Weeping/Content/FirstPersonArms/Animations/FP_Idle.uasset" 606
"/home/apm/School/GameMechanics_UnrealEngine/Weeping/Content/FirstPersonArms/Animations/FP_Idle.uexp" 607
"/home/apm/School/GameMechanics_UnrealEngine/Weeping/Content/FirstPersonArms/Animations/FP_Jump.uasset" 608
"/home/apm/School/GameMechanics_UnrealEngine/Weeping/Content/FirstPersonArms/Animations/FP_Jump.uexp" 609
"/home/apm/School/GameMechanics_UnrealEngine/Weeping/Content/FirstPersonArms/Animations/FP_Run_Fwd.uasset" 610
"/home/apm/School/GameMechanics_UnrealEngine/Weeping/Content/FirstPersonArms/Animations/FP_Run_Fwd.uexp" 611
"/home/apm/School/GameMechanics_UnrealEngine/Weeping/Content/FirstPersonArms/Animations/FP_Land.uasset" 612
"/home/apm/School/GameMechanics_UnrealEngine/Weeping/Content/FirstPersonArms/Animations/FP_Land.uexp" 613
"/home/apm/School/GameMechanics_UnrealEngine/Weeping/Content/FirstPersonArms/Animations/FP_Falling.uasset" 614
"/home/apm/School/GameMechanics_UnrealEngine/Weeping/Content/FirstPersonArms/Animations/FP_Falling.uexp" 615
"/home/apm/School/GameMechanics_UnrealEngine/Weeping/Content/FirstPersonArms/Animations/FP_Rifle_Jump.uasset" 616
"/home/apm/School/GameMechanics_UnrealEngine/Weeping/Content/FirstPersonArms/Animations/FP_Rifle_Jump.uexp" 617
"../../../Engine/Content/EditorBlueprintResources/StandardMacros.uasset" 618
"../../../Engine/Content/EditorBlueprintResources/StandardMacros.uexp" 619
"/home/apm/School/GameMechanics_UnrealEngine/Weeping/Content/FirstPersonArms/Animations/FirstPerson_AnimBP.uasset" 620
"/home/apm/School/GameMechanics_UnrealEngine/Weeping/Content/FirstPersonArms/Animations/FirstPerson_AnimBP.uexp" 621
"/home/apm/School/GameMechanics_UnrealEngine/Weeping/Content/FirstPerson/Blueprints/BP_FirstPersonCharacter.uasset" 622
"/home/apm/School/GameMechanics_UnrealEngine/Weeping/Content/FirstPerson/Blueprints/BP_FirstPersonCharacter.uexp" 623
"/home/apm/School/GameMechanics_UnrealEngine/Weeping/Content/Weeping/Blueprints/BP_Pickup_Mirror.uasset" 624
"/home/apm/School/GameMechanics_UnrealEngine/Weeping/Content/Weeping/Blueprints/BP_Pickup_Mirror.uexp" 625
"../../../Engine/Content/EngineSky/VolumetricClouds/CloudWeatherTexture.uasset" 626
"../../../Engine/Content/EngineSky/VolumetricClouds/CloudWeatherTexture.uexp" 627
"../../../Engine/Content/Functions/Engine_MaterialFunctions02/Utility/MakeFloat2.uasset" 628
"../../../Engine/Content/Functions/Engine_MaterialFunctions02/Utility/MakeFloat2.uexp" 629
"../../../Engine/Content/EngineSky/VolumetricClouds/CloudGradientTexture.uasset" 630
"../../../Engine/Content/EngineSky/VolumetricClouds/CloudGradientTexture.uexp" 631
"../../../Engine/Content/EngineSky/VolumetricClouds/T_NoiseShape64.uasset" 632
"../../../Engine/Content/EngineSky/VolumetricClouds/T_NoiseShape64.ubulk" 633
"../../../Engine/Content/EngineSky/VolumetricClouds/T_NoiseShape64.uexp" 634
"../../../Engine/Content/EngineSky/VolumetricClouds/T_VolumeNoiseShape64.uasset" 635
"../../../Engine/Content/EngineSky/VolumetricClouds/T_VolumeNoiseShape64.uexp" 636
"../../../Engine/Content/EngineSky/VolumetricClouds/T_NoiseErosion.uasset" 637
"../../../Engine/Content/EngineSky/VolumetricClouds/T_NoiseErosion.ubulk" 638
"../../../Engine/Content/EngineSky/VolumetricClouds/T_NoiseErosion.uexp" 639
"../../../Engine/Content/EngineSky/VolumetricClouds/T_VolumeNoiseErosion32.uasset" 640
"../../../Engine/Content/EngineSky/VolumetricClouds/T_VolumeNoiseErosion32.uexp" 641
"../../../Engine/Content/EngineSky/VolumetricClouds/m_SimpleVolumetricCloud.uasset" 642
"../../../Engine/Content/EngineSky/VolumetricClouds/m_SimpleVolumetricCloud.uexp" 643
"../../../Engine/Content/EngineSky/VolumetricClouds/m_SimpleVolumetricCloud_Inst.uasset" 644
"../../../Engine/Content/EngineSky/VolumetricClouds/m_SimpleVolumetricCloud_Inst.uexp" 645
"../../../Engine/Content/MobileResources/HUD/VirtualJoystick_Background.uasset" 646
"../../../Engine/Content/MobileResources/HUD/VirtualJoystick_Background.uexp" 647
"../../../Engine/Content/MobileResources/HUD/VirtualJoystick_Thumb.uasset" 648
"../../../Engine/Content/MobileResources/HUD/VirtualJoystick_Thumb.uexp" 649
"../../../Engine/Content/MobileResources/HUD/DefaultVirtualJoysticks.uasset" 650
"../../../Engine/Content/MobileResources/HUD/DefaultVirtualJoysticks.uexp" 651
"../../../Engine/Content/EngineResources/FilmGrains/Marcie_Grain_v3_128_M2_000.uasset" 652
"../../../Engine/Content/EngineResources/FilmGrains/Marcie_Grain_v3_128_M2_000.uexp" 653
"../../../Engine/Content/EditorResources/SequenceRecorder/RecordingIndicator.uasset" 654
"../../../Engine/Content/EditorResources/SequenceRecorder/RecordingIndicator.uexp" 655
"../../../Engine/Content/EditorResources/SequenceRecorder/Countdown.uasset" 656
"../../../Engine/Content/EditorResources/SequenceRecorder/Countdown.uexp" 657
"../../../Engine/Content/Maps/Templates/HLODs/HLODLayer_Merged.uasset" 658
"../../../Engine/Content/Maps/Templates/HLODs/HLODLayer_Merged.uexp" 659
"../../../Engine/Content/Functions/Engine_MaterialFunctions01/Shading/PowerToRoughness.uasset" 660
"../../../Engine/Content/Functions/Engine_MaterialFunctions01/Shading/PowerToRoughness.uexp" 661
"../../../Engine/Content/Functions/Engine_MaterialFunctions01/Shading/ConvertFromDiffSpec.uasset" 662
"../../../Engine/Content/Functions/Engine_MaterialFunctions01/Shading/ConvertFromDiffSpec.uexp" 663
"/home/apm/School/GameMechanics_UnrealEngine/Weeping/Content/FirstPerson/Maps/_GENERATED/apm/CubeGridToolOutput_1DA02C44.uasset" 664
"/home/apm/School/GameMechanics_UnrealEngine/Weeping/Content/FirstPerson/Maps/_GENERATED/apm/CubeGridToolOutput_1DA02C44.ubulk" 665
"/home/apm/School/GameMechanics_UnrealEngine/Weeping/Content/FirstPerson/Maps/_GENERATED/apm/CubeGridToolOutput_1DA02C44.uexp" 666
"../../../Engine/Content/Maps/Entry_BuiltData.uasset" 667
"../../../Engine/Content/Maps/Entry_BuiltData.uexp" 668
"../../../Engine/Content/Maps/Entry.umap" 669
"../../../Engine/Content/Maps/Entry.uexp" 670
"/home/apm/School/GameMechanics_UnrealEngine/Weeping/Content/FirstPerson/Blueprints/BP_FirstPersonGameMode.uasset" 671
"/home/apm/School/GameMechanics_UnrealEngine/Weeping/Content/FirstPerson/Blueprints/BP_FirstPersonGameMode.uexp" 672
"../../../Engine/Content/Maps/Templates/HLODs/HLODLayer_Instanced.uasset" 673
"../../../Engine/Content/Maps/Templates/HLODs/HLODLayer_Instanced.uexp" 674
"/home/apm/School/GameMechanics_UnrealEngine/Weeping/Content/FirstPerson/Maps/FirstPersonMap.umap" 675
"/home/apm/School/GameMechanics_UnrealEngine/Weeping/Content/FirstPerson/Maps/FirstPersonMap.uexp" 676
